-------------------------------------------------------------------------------
Test set: com.contactura.contactura.ContacturaApplicationTests
-------------------------------------------------------------------------------
Tests run: 1, Failures: 0, Errors: 1, Skipped: 0, Time elapsed: 27.332 s <<< FAILURE! - in com.contactura.contactura.ContacturaApplicationTests
contextLoads  Time elapsed: 0.004 s  <<< ERROR!
java.lang.IllegalStateException: Failed to load ApplicationContext
Caused by: org.springframework.beans.factory.UnsatisfiedDependencyException: Error creating bean with name 'securityConfig': Unsatisfied dependency expressed through field 'customUserDetailService'; nested exception is org.springframework.beans.factory.UnsatisfiedDependencyException: Error creating bean with name 'customUserDetailService' defined in file [C:\Users\Matheus\Desktop\contactura\contactura\target\classes\com\contactura\contactura\service\CustomUserDetailService.class]: Unsatisfied dependency expressed through constructor parameter 0; nested exception is org.springframework.beans.factory.BeanCreationException: Error creating bean with name 'contacturaUserRepository': Invocation of init method failed; nested exception is java.lang.IllegalArgumentException: Failed to create query for method public abstract com.contactura.contactura.model.ContacturaUser com.contactura.contactura.repository.ContacturaUserRepository.findbyUsername(java.lang.String)! No property findbyUsername found for type ContacturaUser!
Caused by: org.springframework.beans.factory.UnsatisfiedDependencyException: Error creating bean with name 'customUserDetailService' defined in file [C:\Users\Matheus\Desktop\contactura\contactura\target\classes\com\contactura\contactura\service\CustomUserDetailService.class]: Unsatisfied dependency expressed through constructor parameter 0; nested exception is org.springframework.beans.factory.BeanCreationException: Error creating bean with name 'contacturaUserRepository': Invocation of init method failed; nested exception is java.lang.IllegalArgumentException: Failed to create query for method public abstract com.contactura.contactura.model.ContacturaUser com.contactura.contactura.repository.ContacturaUserRepository.findbyUsername(java.lang.String)! No property findbyUsername found for type ContacturaUser!
Caused by: org.springframework.beans.factory.BeanCreationException: Error creating bean with name 'contacturaUserRepository': Invocation of init method failed; nested exception is java.lang.IllegalArgumentException: Failed to create query for method public abstract com.contactura.contactura.model.ContacturaUser com.contactura.contactura.repository.ContacturaUserRepository.findbyUsername(java.lang.String)! No property findbyUsername found for type ContacturaUser!
Caused by: java.lang.IllegalArgumentException: Failed to create query for method public abstract com.contactura.contactura.model.ContacturaUser com.contactura.contactura.repository.ContacturaUserRepository.findbyUsername(java.lang.String)! No property findbyUsername found for type ContacturaUser!
Caused by: org.springframework.data.mapping.PropertyReferenceException: No property findbyUsername found for type ContacturaUser!

